[Telemetry] OTLP/HTTP exporter -> http://localhost:4318/v1/traces
[Telemetry] Initialized (SpaceGame)
[World] Player spawning near populated body at -1500.91, -3548.74
[NPC] Manager initialized with Missions
[Error] File: /private/tmp/opentelemetry-cpp-20260208-7372-5m0hre/opentelemetry-cpp-1.25.0/exporters/otlp/src/otlp_http_client.cc:212 [OTLP HTTP Client] Session state: connection failed.Failed to connect to localhost port 4318 after 0 ms: Couldn't connect to server
[Error] File: /private/tmp/opentelemetry-cpp-20260208-7372-5m0hre/opentelemetry-cpp-1.25.0/exporters/otlp/src/otlp_http_exporter.cc:200 [OTLP TRACE HTTP Exporter] ERROR: Export 512 trace span(s) error: 1
[Error] File: /private/tmp/opentelemetry-cpp-20260208-7372-5m0hre/opentelemetry-cpp-1.25.0/exporters/otlp/src/otlp_http_client.cc:212 [OTLP HTTP Client] Session state: connection failed.Failed to connect to localhost port 4318 after 0 ms: Couldn't connect to server
[Error] File: /private/tmp/opentelemetry-cpp-20260208-7372-5m0hre/opentelemetry-cpp-1.25.0/exporters/otlp/src/otlp_http_exporter.cc:200 [OTLP TRACE HTTP Exporter] ERROR: Export 1 trace span(s) error: 1
[Error] File: /private/tmp/opentelemetry-cpp-20260208-7372-5m0hre/opentelemetry-cpp-1.25.0/exporters/otlp/src/otlp_http_client.cc:212 [OTLP HTTP Client] Session state: connection failed.Failed to connect to localhost port 4318 after 0 ms: Couldn't connect to server
[Error] File: /private/tmp/opentelemetry-cpp-20260208-7372-5m0hre/opentelemetry-cpp-1.25.0/exporters/otlp/src/otlp_http_exporter.cc:200 [OTLP TRACE HTTP Exporter] ERROR: Export 512 trace span(s) error: 1
[Error] File: /private/tmp/opentelemetry-cpp-20260208-7372-5m0hre/opentelemetry-cpp-1.25.0/exporters/otlp/src/otlp_http_client.cc:212 [OTLP HTTP Client] Session state: connection failed.Failed to connect to localhost port 4318 after 0 ms: Couldn't connect to server
[Error] File: /private/tmp/opentelemetry-cpp-20260208-7372-5m0hre/opentelemetry-cpp-1.25.0/exporters/otlp/src/otlp_http_exporter.cc:200 [OTLP TRACE HTTP Exporter] ERROR: Export 3 trace span(s) error: 1
[NPC] Mission 1 started: 1 for Faction 4
[Error] File: /private/tmp/opentelemetry-cpp-20260208-7372-5m0hre/opentelemetry-cpp-1.25.0/exporters/otlp/src/otlp_http_client.cc:212 [OTLP HTTP Client] Session state: connection failed.Failed to connect to localhost port 4318 after 0 ms: Couldn't connect to server
[Error] File: /private/tmp/opentelemetry-cpp-20260208-7372-5m0hre/opentelemetry-cpp-1.25.0/exporters/otlp/src/otlp_http_exporter.cc:200 [OTLP TRACE HTTP Exporter] ERROR: Export 512 trace span(s) error: 1
[Error] File: /private/tmp/opentelemetry-cpp-20260208-7372-5m0hre/opentelemetry-cpp-1.25.0/exporters/otlp/src/otlp_http_client.cc:212 [OTLP HTTP Client] Session state: connection failed.Failed to connect to localhost port 4318 after 0 ms: Couldn't connect to server
[Error] File: /private/tmp/opentelemetry-cpp-20260208-7372-5m0hre/opentelemetry-cpp-1.25.0/exporters/otlp/src/otlp_http_exporter.cc:200 [OTLP TRACE HTTP Exporter] ERROR: Export 4 trace span(s) error: 1
[Faction] Relationship decay: (1,2) 0.470732 -> 0.470445
[Error] File: /private/tmp/opentelemetry-cpp-20260208-7372-5m0hre/opentelemetry-cpp-1.25.0/exporters/otlp/src/otlp_http_client.cc:212 [OTLP HTTP Client] Session state: connection failed.Failed to connect to localhost port 4318 after 0 ms: Couldn't connect to server
[Error] File: /private/tmp/opentelemetry-cpp-20260208-7372-5m0hre/opentelemetry-cpp-1.25.0/exporters/otlp/src/otlp_http_exporter.cc:200 [OTLP TRACE HTTP Exporter] ERROR: Export 512 trace span(s) error: 1
[Error] File: /private/tmp/opentelemetry-cpp-20260208-7372-5m0hre/opentelemetry-cpp-1.25.0/exporters/otlp/src/otlp_http_client.cc:212 [OTLP HTTP Client] Session state: connection failed.Failed to connect to localhost port 4318 after 0 ms: Couldn't connect to server
[Error] File: /private/tmp/opentelemetry-cpp-20260208-7372-5m0hre/opentelemetry-cpp-1.25.0/exporters/otlp/src/otlp_http_exporter.cc:200 [OTLP TRACE HTTP Exporter] ERROR: Export 3 trace span(s) error: 1
[Faction] Relationship decay: (1,2) 0.459164 -> 0.459058
[Error] File: /private/tmp/opentelemetry-cpp-20260208-7372-5m0hre/opentelemetry-cpp-1.25.0/exporters/otlp/src/otlp_http_client.cc:212 [OTLP HTTP Client] Session state: connection failed.Failed to connect to localhost port 4318 after 0 ms: Couldn't connect to server
[Error] File: /private/tmp/opentelemetry-cpp-20260208-7372-5m0hre/opentelemetry-cpp-1.25.0/exporters/otlp/src/otlp_http_exporter.cc:200 [OTLP TRACE HTTP Exporter] ERROR: Export 512 trace span(s) error: 1
[Error] File: /private/tmp/opentelemetry-cpp-20260208-7372-5m0hre/opentelemetry-cpp-1.25.0/exporters/otlp/src/otlp_http_client.cc:212 [OTLP HTTP Client] Session state: connection failed.Failed to connect to localhost port 4318 after 0 ms: Couldn't connect to server
[Error] File: /private/tmp/opentelemetry-cpp-20260208-7372-5m0hre/opentelemetry-cpp-1.25.0/exporters/otlp/src/otlp_http_exporter.cc:200 [OTLP TRACE HTTP Exporter] ERROR: Export 3 trace span(s) error: 1
[Error] File: /private/tmp/opentelemetry-cpp-20260208-7372-5m0hre/opentelemetry-cpp-1.25.0/exporters/otlp/src/otlp_http_client.cc:212 [OTLP HTTP Client] Session state: connection failed.Failed to connect to localhost port 4318 after 0 ms: Couldn't connect to server
[Error] File: /private/tmp/opentelemetry-cpp-20260208-7372-5m0hre/opentelemetry-cpp-1.25.0/exporters/otlp/src/otlp_http_exporter.cc:200 [OTLP TRACE HTTP Exporter] ERROR: Export 512 trace span(s) error: 1
[Error] File: /private/tmp/opentelemetry-cpp-20260208-7372-5m0hre/opentelemetry-cpp-1.25.0/exporters/otlp/src/otlp_http_client.cc:212 [OTLP HTTP Client] Session state: connection failed.Failed to connect to localhost port 4318 after 0 ms: Couldn't connect to server
[Error] File: /private/tmp/opentelemetry-cpp-20260208-7372-5m0hre/opentelemetry-cpp-1.25.0/exporters/otlp/src/otlp_http_exporter.cc:200 [OTLP TRACE HTTP Exporter] ERROR: Export 3 trace span(s) error: 1
[Error] File: /private/tmp/opentelemetry-cpp-20260208-7372-5m0hre/opentelemetry-cpp-1.25.0/exporters/otlp/src/otlp_http_client.cc:212 [OTLP HTTP Client] Session state: connection failed.Failed to connect to localhost port 4318 after 0 ms: Couldn't connect to server
[Error] File: /private/tmp/opentelemetry-cpp-20260208-7372-5m0hre/opentelemetry-cpp-1.25.0/exporters/otlp/src/otlp_http_exporter.cc:200 [OTLP TRACE HTTP Exporter] ERROR: Export 512 trace span(s) error: 1
[Error] File: /private/tmp/opentelemetry-cpp-20260208-7372-5m0hre/opentelemetry-cpp-1.25.0/exporters/otlp/src/otlp_http_client.cc:212 [OTLP HTTP Client] Session state: connection failed.Failed to connect to localhost port 4318 after 0 ms: Couldn't connect to server
[Error] File: /private/tmp/opentelemetry-cpp-20260208-7372-5m0hre/opentelemetry-cpp-1.25.0/exporters/otlp/src/otlp_http_exporter.cc:200 [OTLP TRACE HTTP Exporter] ERROR: Export 3 trace span(s) error: 1
[Error] File: /private/tmp/opentelemetry-cpp-20260208-7372-5m0hre/opentelemetry-cpp-1.25.0/exporters/otlp/src/otlp_http_client.cc:212 [OTLP HTTP Client] Session state: connection failed.Failed to connect to localhost port 4318 after 0 ms: Couldn't connect to server
[Error] File: /private/tmp/opentelemetry-cpp-20260208-7372-5m0hre/opentelemetry-cpp-1.25.0/exporters/otlp/src/otlp_http_exporter.cc:200 [OTLP TRACE HTTP Exporter] ERROR: Export 512 trace span(s) error: 1
[Error] File: /private/tmp/opentelemetry-cpp-20260208-7372-5m0hre/opentelemetry-cpp-1.25.0/exporters/otlp/src/otlp_http_client.cc:212 [OTLP HTTP Client] Session state: connection failed.Failed to connect to localhost port 4318 after 0 ms: Couldn't connect to server
[Error] File: /private/tmp/opentelemetry-cpp-20260208-7372-5m0hre/opentelemetry-cpp-1.25.0/exporters/otlp/src/otlp_http_exporter.cc:200 [OTLP TRACE HTTP Exporter] ERROR: Export 3 trace span(s) error: 1
[NPC] Mission 2 started: 1 for Faction 3
[Error] File: /private/tmp/opentelemetry-cpp-20260208-7372-5m0hre/opentelemetry-cpp-1.25.0/exporters/otlp/src/otlp_http_client.cc:212 [OTLP HTTP Client] Session state: connection failed.Failed to connect to localhost port 4318 after 0 ms: Couldn't connect to server
[Error] File: /private/tmp/opentelemetry-cpp-20260208-7372-5m0hre/opentelemetry-cpp-1.25.0/exporters/otlp/src/otlp_http_exporter.cc:200 [OTLP TRACE HTTP Exporter] ERROR: Export 512 trace span(s) error: 1
[Error] File: /private/tmp/opentelemetry-cpp-20260208-7372-5m0hre/opentelemetry-cpp-1.25.0/exporters/otlp/src/otlp_http_client.cc:212 [OTLP HTTP Client] Session state: connection failed.Failed to connect to localhost port 4318 after 0 ms: Couldn't connect to server
[Error] File: /private/tmp/opentelemetry-cpp-20260208-7372-5m0hre/opentelemetry-cpp-1.25.0/exporters/otlp/src/otlp_http_exporter.cc:200 [OTLP TRACE HTTP Exporter] ERROR: Export 4 trace span(s) error: 1
[Error] File: /private/tmp/opentelemetry-cpp-20260208-7372-5m0hre/opentelemetry-cpp-1.25.0/exporters/otlp/src/otlp_http_client.cc:212 [OTLP HTTP Client] Session state: connection failed.Failed to connect to localhost port 4318 after 0 ms: Couldn't connect to server
[Error] File: /private/tmp/opentelemetry-cpp-20260208-7372-5m0hre/opentelemetry-cpp-1.25.0/exporters/otlp/src/otlp_http_exporter.cc:200 [OTLP TRACE HTTP Exporter] ERROR: Export 512 trace span(s) error: 1
[Error] File: /private/tmp/opentelemetry-cpp-20260208-7372-5m0hre/opentelemetry-cpp-1.25.0/exporters/otlp/src/otlp_http_client.cc:212 [OTLP HTTP Client] Session state: connection failed.Failed to connect to localhost port 4318 after 0 ms: Couldn't connect to server
[Error] File: /private/tmp/opentelemetry-cpp-20260208-7372-5m0hre/opentelemetry-cpp-1.25.0/exporters/otlp/src/otlp_http_exporter.cc:200 [OTLP TRACE HTTP Exporter] ERROR: Export 3 trace span(s) error: 1
[Error] File: /private/tmp/opentelemetry-cpp-20260208-7372-5m0hre/opentelemetry-cpp-1.25.0/exporters/otlp/src/otlp_http_client.cc:212 [OTLP HTTP Client] Session state: connection failed.Failed to connect to localhost port 4318 after 0 ms: Couldn't connect to server
[Error] File: /private/tmp/opentelemetry-cpp-20260208-7372-5m0hre/opentelemetry-cpp-1.25.0/exporters/otlp/src/otlp_http_exporter.cc:200 [OTLP TRACE HTTP Exporter] ERROR: Export 512 trace span(s) error: 1
[Error] File: /private/tmp/opentelemetry-cpp-20260208-7372-5m0hre/opentelemetry-cpp-1.25.0/exporters/otlp/src/otlp_http_client.cc:212 [OTLP HTTP Client] Session state: connection failed.Failed to connect to localhost port 4318 after 0 ms: Couldn't connect to server
[Error] File: /private/tmp/opentelemetry-cpp-20260208-7372-5m0hre/opentelemetry-cpp-1.25.0/exporters/otlp/src/otlp_http_exporter.cc:200 [OTLP TRACE HTTP Exporter] ERROR: Export 3 trace span(s) error: 1
[Error] File: /private/tmp/opentelemetry-cpp-20260208-7372-5m0hre/opentelemetry-cpp-1.25.0/exporters/otlp/src/otlp_http_client.cc:212 [OTLP HTTP Client] Session state: connection failed.Failed to connect to localhost port 4318 after 0 ms: Couldn't connect to server
[Error] File: /private/tmp/opentelemetry-cpp-20260208-7372-5m0hre/opentelemetry-cpp-1.25.0/exporters/otlp/src/otlp_http_exporter.cc:200 [OTLP TRACE HTTP Exporter] ERROR: Export 512 trace span(s) error: 1
[Error] File: /private/tmp/opentelemetry-cpp-20260208-7372-5m0hre/opentelemetry-cpp-1.25.0/exporters/otlp/src/otlp_http_client.cc:212 [OTLP HTTP Client] Session state: connection failed.Failed to connect to localhost port 4318 after 0 ms: Couldn't connect to server
[Error] File: /private/tmp/opentelemetry-cpp-20260208-7372-5m0hre/opentelemetry-cpp-1.25.0/exporters/otlp/src/otlp_http_exporter.cc:200 [OTLP TRACE HTTP Exporter] ERROR: Export 3 trace span(s) error: 1
[Error] File: /private/tmp/opentelemetry-cpp-20260208-7372-5m0hre/opentelemetry-cpp-1.25.0/exporters/otlp/src/otlp_http_client.cc:212 [OTLP HTTP Client] Session state: connection failed.Failed to connect to localhost port 4318 after 0 ms: Couldn't connect to server
[Error] File: /private/tmp/opentelemetry-cpp-20260208-7372-5m0hre/opentelemetry-cpp-1.25.0/exporters/otlp/src/otlp_http_exporter.cc:200 [OTLP TRACE HTTP Exporter] ERROR: Export 512 trace span(s) error: 1
[Error] File: /private/tmp/opentelemetry-cpp-20260208-7372-5m0hre/opentelemetry-cpp-1.25.0/exporters/otlp/src/otlp_http_client.cc:212 [OTLP HTTP Client] Session state: connection failed.Failed to connect to localhost port 4318 after 0 ms: Couldn't connect to server
[Error] File: /private/tmp/opentelemetry-cpp-20260208-7372-5m0hre/opentelemetry-cpp-1.25.0/exporters/otlp/src/otlp_http_exporter.cc:200 [OTLP TRACE HTTP Exporter] ERROR: Export 3 trace span(s) error: 1
[NPC] Mission 3 started: 2 for Faction 5
[Error] File: /private/tmp/opentelemetry-cpp-20260208-7372-5m0hre/opentelemetry-cpp-1.25.0/exporters/otlp/src/otlp_http_client.cc:212 [OTLP HTTP Client] Session state: connection failed.Failed to connect to localhost port 4318 after 0 ms: Couldn't connect to server
[Error] File: /private/tmp/opentelemetry-cpp-20260208-7372-5m0hre/opentelemetry-cpp-1.25.0/exporters/otlp/src/otlp_http_exporter.cc:200 [OTLP TRACE HTTP Exporter] ERROR: Export 512 trace span(s) error: 1
[Error] File: /private/tmp/opentelemetry-cpp-20260208-7372-5m0hre/opentelemetry-cpp-1.25.0/exporters/otlp/src/otlp_http_client.cc:212 [OTLP HTTP Client] Session state: connection failed.Failed to connect to localhost port 4318 after 0 ms: Couldn't connect to server
[Error] File: /private/tmp/opentelemetry-cpp-20260208-7372-5m0hre/opentelemetry-cpp-1.25.0/exporters/otlp/src/otlp_http_exporter.cc:200 [OTLP TRACE HTTP Exporter] ERROR: Export 4 trace span(s) error: 1
[Error] File: /private/tmp/opentelemetry-cpp-20260208-7372-5m0hre/opentelemetry-cpp-1.25.0/exporters/otlp/src/otlp_http_client.cc:212 [OTLP HTTP Client] Session state: connection failed.Failed to connect to localhost port 4318 after 0 ms: Couldn't connect to server
[Error] File: /private/tmp/opentelemetry-cpp-20260208-7372-5m0hre/opentelemetry-cpp-1.25.0/exporters/otlp/src/otlp_http_exporter.cc:200 [OTLP TRACE HTTP Exporter] ERROR: Export 512 trace span(s) error: 1
[Error] File: /private/tmp/opentelemetry-cpp-20260208-7372-5m0hre/opentelemetry-cpp-1.25.0/exporters/otlp/src/otlp_http_client.cc:212 [OTLP HTTP Client] Session state: connection failed.Failed to connect to localhost port 4318 after 0 ms: Couldn't connect to server
[Error] File: /private/tmp/opentelemetry-cpp-20260208-7372-5m0hre/opentelemetry-cpp-1.25.0/exporters/otlp/src/otlp_http_exporter.cc:200 [OTLP TRACE HTTP Exporter] ERROR: Export 3 trace span(s) error: 1
[Combat] Projectile Speed: 5018.81 m/s (Requested: 5018.81)
[Error] File: /private/tmp/opentelemetry-cpp-20260208-7372-5m0hre/opentelemetry-cpp-1.25.0/exporters/otlp/src/otlp_http_client.cc:212 [OTLP HTTP Client] Session state: connection failed.Failed to connect to localhost port 4318 after 0 ms: Couldn't connect to server
[Error] File: /private/tmp/opentelemetry-cpp-20260208-7372-5m0hre/opentelemetry-cpp-1.25.0/exporters/otlp/src/otlp_http_exporter.cc:200 [OTLP TRACE HTTP Exporter] ERROR: Export 512 trace span(s) error: 1
[Error] File: /private/tmp/opentelemetry-cpp-20260208-7372-5m0hre/opentelemetry-cpp-1.25.0/exporters/otlp/src/otlp_http_client.cc:212 [OTLP HTTP Client] Session state: connection failed.Failed to connect to localhost port 4318 after 0 ms: Couldn't connect to server
[Error] File: /private/tmp/opentelemetry-cpp-20260208-7372-5m0hre/opentelemetry-cpp-1.25.0/exporters/otlp/src/otlp_http_exporter.cc:200 [OTLP TRACE HTTP Exporter] ERROR: Export 4 trace span(s) error: 1
[Combat] Projectile Speed: 5007.98 m/s (Requested: 5007.98)
[Error] File: /private/tmp/opentelemetry-cpp-20260208-7372-5m0hre/opentelemetry-cpp-1.25.0/exporters/otlp/src/otlp_http_client.cc:212 [OTLP HTTP Client] Session state: connection failed.Failed to connect to localhost port 4318 after 0 ms: Couldn't connect to server
[Error] File: /private/tmp/opentelemetry-cpp-20260208-7372-5m0hre/opentelemetry-cpp-1.25.0/exporters/otlp/src/otlp_http_exporter.cc:200 [OTLP TRACE HTTP Exporter] ERROR: Export 512 trace span(s) error: 1
[Error] File: /private/tmp/opentelemetry-cpp-20260208-7372-5m0hre/opentelemetry-cpp-1.25.0/exporters/otlp/src/otlp_http_client.cc:212 [OTLP HTTP Client] Session state: connection failed.Failed to connect to localhost port 4318 after 0 ms: Couldn't connect to server
[Error] File: /private/tmp/opentelemetry-cpp-20260208-7372-5m0hre/opentelemetry-cpp-1.25.0/exporters/otlp/src/otlp_http_exporter.cc:200 [OTLP TRACE HTTP Exporter] ERROR: Export 4 trace span(s) error: 1
[Error] File: /private/tmp/opentelemetry-cpp-20260208-7372-5m0hre/opentelemetry-cpp-1.25.0/exporters/otlp/src/otlp_http_client.cc:212 [OTLP HTTP Client] Session state: connection failed.Failed to connect to localhost port 4318 after 0 ms: Couldn't connect to server
[Error] File: /private/tmp/opentelemetry-cpp-20260208-7372-5m0hre/opentelemetry-cpp-1.25.0/exporters/otlp/src/otlp_http_exporter.cc:200 [OTLP TRACE HTTP Exporter] ERROR: Export 512 trace span(s) error: 1
[Error] File: /private/tmp/opentelemetry-cpp-20260208-7372-5m0hre/opentelemetry-cpp-1.25.0/exporters/otlp/src/otlp_http_client.cc:212 [OTLP HTTP Client] Session state: connection failed.Failed to connect to localhost port 4318 after 0 ms: Couldn't connect to server
[Error] File: /private/tmp/opentelemetry-cpp-20260208-7372-5m0hre/opentelemetry-cpp-1.25.0/exporters/otlp/src/otlp_http_exporter.cc:200 [OTLP TRACE HTTP Exporter] ERROR: Export 3 trace span(s) error: 1
[Combat] Projectile Speed: 4983.1 m/s (Requested: 4983.1)
[Faction] Relationship decay: (1,2) 0.333269 -> 0.333153
[Error] File: /private/tmp/opentelemetry-cpp-20260208-7372-5m0hre/opentelemetry-cpp-1.25.0/exporters/otlp/src/otlp_http_client.cc:212 [OTLP HTTP Client] Session state: connection failed.Failed to connect to localhost port 4318 after 0 ms: Couldn't connect to server
[Error] File: /private/tmp/opentelemetry-cpp-20260208-7372-5m0hre/opentelemetry-cpp-1.25.0/exporters/otlp/src/otlp_http_exporter.cc:200 [OTLP TRACE HTTP Exporter] ERROR: Export 512 trace span(s) error: 1
[Error] File: /private/tmp/opentelemetry-cpp-20260208-7372-5m0hre/opentelemetry-cpp-1.25.0/exporters/otlp/src/otlp_http_client.cc:212 [OTLP HTTP Client] Session state: connection failed.Failed to connect to localhost port 4318 after 0 ms: Couldn't connect to server
[Error] File: /private/tmp/opentelemetry-cpp-20260208-7372-5m0hre/opentelemetry-cpp-1.25.0/exporters/otlp/src/otlp_http_exporter.cc:200 [OTLP TRACE HTTP Exporter] ERROR: Export 3 trace span(s) error: 1
[NPC] Mission 4 started: 2 for Faction 5
[Error] File: /private/tmp/opentelemetry-cpp-20260208-7372-5m0hre/opentelemetry-cpp-1.25.0/exporters/otlp/src/otlp_http_client.cc:212 [OTLP HTTP Client] Session state: connection failed.Failed to connect to localhost port 4318 after 0 ms: Couldn't connect to server
[Error] File: /private/tmp/opentelemetry-cpp-20260208-7372-5m0hre/opentelemetry-cpp-1.25.0/exporters/otlp/src/otlp_http_exporter.cc:200 [OTLP TRACE HTTP Exporter] ERROR: Export 512 trace span(s) error: 1
[Error] File: /private/tmp/opentelemetry-cpp-20260208-7372-5m0hre/opentelemetry-cpp-1.25.0/exporters/otlp/src/otlp_http_client.cc:212 [OTLP HTTP Client] Session state: connection failed.Failed to connect to localhost port 4318 after 0 ms: Couldn't connect to server
[Error] File: /private/tmp/opentelemetry-cpp-20260208-7372-5m0hre/opentelemetry-cpp-1.25.0/exporters/otlp/src/otlp_http_exporter.cc:200 [OTLP TRACE HTTP Exporter] ERROR: Export 4 trace span(s) error: 1
[Error] File: /private/tmp/opentelemetry-cpp-20260208-7372-5m0hre/opentelemetry-cpp-1.25.0/exporters/otlp/src/otlp_http_client.cc:212 [OTLP HTTP Client] Session state: connection failed.Failed to connect to localhost port 4318 after 0 ms: Couldn't connect to server
[Error] File: /private/tmp/opentelemetry-cpp-20260208-7372-5m0hre/opentelemetry-cpp-1.25.0/exporters/otlp/src/otlp_http_exporter.cc:200 [OTLP TRACE HTTP Exporter] ERROR: Export 512 trace span(s) error: 1
[Error] File: /private/tmp/opentelemetry-cpp-20260208-7372-5m0hre/opentelemetry-cpp-1.25.0/exporters/otlp/src/otlp_http_client.cc:212 [OTLP HTTP Client] Session state: connection failed.Failed to connect to localhost port 4318 after 0 ms: Couldn't connect to server
[Error] File: /private/tmp/opentelemetry-cpp-20260208-7372-5m0hre/opentelemetry-cpp-1.25.0/exporters/otlp/src/otlp_http_exporter.cc:200 [OTLP TRACE HTTP Exporter] ERROR: Export 3 trace span(s) error: 1
[Error] File: /private/tmp/opentelemetry-cpp-20260208-7372-5m0hre/opentelemetry-cpp-1.25.0/exporters/otlp/src/otlp_http_client.cc:212 [OTLP HTTP Client] Session state: connection failed.Failed to connect to localhost port 4318 after 0 ms: Couldn't connect to server
[Error] File: /private/tmp/opentelemetry-cpp-20260208-7372-5m0hre/opentelemetry-cpp-1.25.0/exporters/otlp/src/otlp_http_exporter.cc:200 [OTLP TRACE HTTP Exporter] ERROR: Export 512 trace span(s) error: 1
[Error] File: /private/tmp/opentelemetry-cpp-20260208-7372-5m0hre/opentelemetry-cpp-1.25.0/exporters/otlp/src/otlp_http_client.cc:212 [OTLP HTTP Client] Session state: connection failed.Failed to connect to localhost port 4318 after 0 ms: Couldn't connect to server
[Error] File: /private/tmp/opentelemetry-cpp-20260208-7372-5m0hre/opentelemetry-cpp-1.25.0/exporters/otlp/src/otlp_http_exporter.cc:200 [OTLP TRACE HTTP Exporter] ERROR: Export 3 trace span(s) error: 1
[Error] File: /private/tmp/opentelemetry-cpp-20260208-7372-5m0hre/opentelemetry-cpp-1.25.0/exporters/otlp/src/otlp_http_client.cc:212 [OTLP HTTP Client] Session state: connection failed.Failed to connect to localhost port 4318 after 0 ms: Couldn't connect to server
[Error] File: /private/tmp/opentelemetry-cpp-20260208-7372-5m0hre/opentelemetry-cpp-1.25.0/exporters/otlp/src/otlp_http_exporter.cc:200 [OTLP TRACE HTTP Exporter] ERROR: Export 512 trace span(s) error: 1
[Error] File: /private/tmp/opentelemetry-cpp-20260208-7372-5m0hre/opentelemetry-cpp-1.25.0/exporters/otlp/src/otlp_http_client.cc:212 [OTLP HTTP Client] Session state: connection failed.Failed to connect to localhost port 4318 after 0 ms: Couldn't connect to server
[Error] File: /private/tmp/opentelemetry-cpp-20260208-7372-5m0hre/opentelemetry-cpp-1.25.0/exporters/otlp/src/otlp_http_exporter.cc:200 [OTLP TRACE HTTP Exporter] ERROR: Export 3 trace span(s) error: 1
[Error] File: /private/tmp/opentelemetry-cpp-20260208-7372-5m0hre/opentelemetry-cpp-1.25.0/exporters/otlp/src/otlp_http_client.cc:212 [OTLP HTTP Client] Session state: connection failed.Failed to connect to localhost port 4318 after 0 ms: Couldn't connect to server
[Error] File: /private/tmp/opentelemetry-cpp-20260208-7372-5m0hre/opentelemetry-cpp-1.25.0/exporters/otlp/src/otlp_http_exporter.cc:200 [OTLP TRACE HTTP Exporter] ERROR: Export 512 trace span(s) error: 1
[Error] File: /private/tmp/opentelemetry-cpp-20260208-7372-5m0hre/opentelemetry-cpp-1.25.0/exporters/otlp/src/otlp_http_client.cc:212 [OTLP HTTP Client] Session state: connection failed.Failed to connect to localhost port 4318 after 0 ms: Couldn't connect to server
[Error] File: /private/tmp/opentelemetry-cpp-20260208-7372-5m0hre/opentelemetry-cpp-1.25.0/exporters/otlp/src/otlp_http_exporter.cc:200 [OTLP TRACE HTTP Exporter] ERROR: Export 3 trace span(s) error: 1
[Error] File: /private/tmp/opentelemetry-cpp-20260208-7372-5m0hre/opentelemetry-cpp-1.25.0/exporters/otlp/src/otlp_http_client.cc:212 [OTLP HTTP Client] Session state: connection failed.Failed to connect to localhost port 4318 after 0 ms: Couldn't connect to server
[Error] File: /private/tmp/opentelemetry-cpp-20260208-7372-5m0hre/opentelemetry-cpp-1.25.0/exporters/otlp/src/otlp_http_exporter.cc:200 [OTLP TRACE HTTP Exporter] ERROR: Export 512 trace span(s) error: 1
[Error] File: /private/tmp/opentelemetry-cpp-20260208-7372-5m0hre/opentelemetry-cpp-1.25.0/exporters/otlp/src/otlp_http_client.cc:212 [OTLP HTTP Client] Session state: connection failed.Failed to connect to localhost port 4318 after 0 ms: Couldn't connect to server
[Error] File: /private/tmp/opentelemetry-cpp-20260208-7372-5m0hre/opentelemetry-cpp-1.25.0/exporters/otlp/src/otlp_http_exporter.cc:200 [OTLP TRACE HTTP Exporter] ERROR: Export 3 trace span(s) error: 1
[NPC] Mission 5 started: 1 for Faction 4
[Error] File: /private/tmp/opentelemetry-cpp-20260208-7372-5m0hre/opentelemetry-cpp-1.25.0/exporters/otlp/src/otlp_http_client.cc:212 [OTLP HTTP Client] Session state: connection failed.Failed to connect to localhost port 4318 after 0 ms: Couldn't connect to server
[Error] File: /private/tmp/opentelemetry-cpp-20260208-7372-5m0hre/opentelemetry-cpp-1.25.0/exporters/otlp/src/otlp_http_exporter.cc:200 [OTLP TRACE HTTP Exporter] ERROR: Export 512 trace span(s) error: 1
[Error] File: /private/tmp/opentelemetry-cpp-20260208-7372-5m0hre/opentelemetry-cpp-1.25.0/exporters/otlp/src/otlp_http_client.cc:212 [OTLP HTTP Client] Session state: connection failed.Failed to connect to localhost port 4318 after 0 ms: Couldn't connect to server
[Error] File: /private/tmp/opentelemetry-cpp-20260208-7372-5m0hre/opentelemetry-cpp-1.25.0/exporters/otlp/src/otlp_http_exporter.cc:200 [OTLP TRACE HTTP Exporter] ERROR: Export 4 trace span(s) error: 1
[Error] File: /private/tmp/opentelemetry-cpp-20260208-7372-5m0hre/opentelemetry-cpp-1.25.0/exporters/otlp/src/otlp_http_client.cc:212 [OTLP HTTP Client] Session state: connection failed.Failed to connect to localhost port 4318 after 0 ms: Couldn't connect to server
[Error] File: /private/tmp/opentelemetry-cpp-20260208-7372-5m0hre/opentelemetry-cpp-1.25.0/exporters/otlp/src/otlp_http_exporter.cc:200 [OTLP TRACE HTTP Exporter] ERROR: Export 512 trace span(s) error: 1
[Error] File: /private/tmp/opentelemetry-cpp-20260208-7372-5m0hre/opentelemetry-cpp-1.25.0/exporters/otlp/src/otlp_http_client.cc:212 [OTLP HTTP Client] Session state: connection failed.Failed to connect to localhost port 4318 after 0 ms: Couldn't connect to server
[Error] File: /private/tmp/opentelemetry-cpp-20260208-7372-5m0hre/opentelemetry-cpp-1.25.0/exporters/otlp/src/otlp_http_exporter.cc:200 [OTLP TRACE HTTP Exporter] ERROR: Export 3 trace span(s) error: 1
[Error] File: /private/tmp/opentelemetry-cpp-20260208-7372-5m0hre/opentelemetry-cpp-1.25.0/exporters/otlp/src/otlp_http_client.cc:212 [OTLP HTTP Client] Session state: connection failed.Failed to connect to localhost port 4318 after 0 ms: Couldn't connect to server
[Error] File: /private/tmp/opentelemetry-cpp-20260208-7372-5m0hre/opentelemetry-cpp-1.25.0/exporters/otlp/src/otlp_http_exporter.cc:200 [OTLP TRACE HTTP Exporter] ERROR: Export 512 trace span(s) error: 1
[Error] File: /private/tmp/opentelemetry-cpp-20260208-7372-5m0hre/opentelemetry-cpp-1.25.0/exporters/otlp/src/otlp_http_client.cc:212 [OTLP HTTP Client] Session state: connection failed.Failed to connect to localhost port 4318 after 0 ms: Couldn't connect to server
[Error] File: /private/tmp/opentelemetry-cpp-20260208-7372-5m0hre/opentelemetry-cpp-1.25.0/exporters/otlp/src/otlp_http_exporter.cc:200 [OTLP TRACE HTTP Exporter] ERROR: Export 3 trace span(s) error: 1
[Error] File: /private/tmp/opentelemetry-cpp-20260208-7372-5m0hre/opentelemetry-cpp-1.25.0/exporters/otlp/src/otlp_http_client.cc:212 [OTLP HTTP Client] Session state: connection failed.Failed to connect to localhost port 4318 after 0 ms: Couldn't connect to server
[Error] File: /private/tmp/opentelemetry-cpp-20260208-7372-5m0hre/opentelemetry-cpp-1.25.0/exporters/otlp/src/otlp_http_exporter.cc:200 [OTLP TRACE HTTP Exporter] ERROR: Export 512 trace span(s) error: 1
[Error] File: /private/tmp/opentelemetry-cpp-20260208-7372-5m0hre/opentelemetry-cpp-1.25.0/exporters/otlp/src/otlp_http_client.cc:212 [OTLP HTTP Client] Session state: connection failed.Failed to connect to localhost port 4318 after 0 ms: Couldn't connect to server
[Error] File: /private/tmp/opentelemetry-cpp-20260208-7372-5m0hre/opentelemetry-cpp-1.25.0/exporters/otlp/src/otlp_http_exporter.cc:200 [OTLP TRACE HTTP Exporter] ERROR: Export 3 trace span(s) error: 1
[Error] File: /private/tmp/opentelemetry-cpp-20260208-7372-5m0hre/opentelemetry-cpp-1.25.0/exporters/otlp/src/otlp_http_client.cc:212 [OTLP HTTP Client] Session state: connection failed.Failed to connect to localhost port 4318 after 0 ms: Couldn't connect to server
[Error] File: /private/tmp/opentelemetry-cpp-20260208-7372-5m0hre/opentelemetry-cpp-1.25.0/exporters/otlp/src/otlp_http_exporter.cc:200 [OTLP TRACE HTTP Exporter] ERROR: Export 512 trace span(s) error: 1
[Error] File: /private/tmp/opentelemetry-cpp-20260208-7372-5m0hre/opentelemetry-cpp-1.25.0/exporters/otlp/src/otlp_http_client.cc:212 [OTLP HTTP Client] Session state: connection failed.Failed to connect to localhost port 4318 after 0 ms: Couldn't connect to server
[Error] File: /private/tmp/opentelemetry-cpp-20260208-7372-5m0hre/opentelemetry-cpp-1.25.0/exporters/otlp/src/otlp_http_exporter.cc:200 [OTLP TRACE HTTP Exporter] ERROR: Export 3 trace span(s) error: 1
[NPC] Mission 6 started: 0 for Faction 0
[Error] File: /private/tmp/opentelemetry-cpp-20260208-7372-5m0hre/opentelemetry-cpp-1.25.0/exporters/otlp/src/otlp_http_client.cc:212 [OTLP HTTP Client] Session state: connection failed.Failed to connect to localhost port 4318 after 0 ms: Couldn't connect to server
[Error] File: /private/tmp/opentelemetry-cpp-20260208-7372-5m0hre/opentelemetry-cpp-1.25.0/exporters/otlp/src/otlp_http_exporter.cc:200 [OTLP TRACE HTTP Exporter] ERROR: Export 512 trace span(s) error: 1
[Error] File: /private/tmp/opentelemetry-cpp-20260208-7372-5m0hre/opentelemetry-cpp-1.25.0/exporters/otlp/src/otlp_http_client.cc:212 [OTLP HTTP Client] Session state: connection failed.Failed to connect to localhost port 4318 after 0 ms: Couldn't connect to server
[Error] File: /private/tmp/opentelemetry-cpp-20260208-7372-5m0hre/opentelemetry-cpp-1.25.0/exporters/otlp/src/otlp_http_exporter.cc:200 [OTLP TRACE HTTP Exporter] ERROR: Export 4 trace span(s) error: 1
[Error] File: /private/tmp/opentelemetry-cpp-20260208-7372-5m0hre/opentelemetry-cpp-1.25.0/exporters/otlp/src/otlp_http_client.cc:212 [OTLP HTTP Client] Session state: connection failed.Failed to connect to localhost port 4318 after 0 ms: Couldn't connect to server
[Error] File: /private/tmp/opentelemetry-cpp-20260208-7372-5m0hre/opentelemetry-cpp-1.25.0/exporters/otlp/src/otlp_http_exporter.cc:200 [OTLP TRACE HTTP Exporter] ERROR: Export 512 trace span(s) error: 1
[Error] File: /private/tmp/opentelemetry-cpp-20260208-7372-5m0hre/opentelemetry-cpp-1.25.0/exporters/otlp/src/otlp_http_client.cc:212 [OTLP HTTP Client] Session state: connection failed.Failed to connect to localhost port 4318 after 0 ms: Couldn't connect to server
[Error] File: /private/tmp/opentelemetry-cpp-20260208-7372-5m0hre/opentelemetry-cpp-1.25.0/exporters/otlp/src/otlp_http_exporter.cc:200 [OTLP TRACE HTTP Exporter] ERROR: Export 3 trace span(s) error: 1
[Error] File: /private/tmp/opentelemetry-cpp-20260208-7372-5m0hre/opentelemetry-cpp-1.25.0/exporters/otlp/src/otlp_http_client.cc:212 [OTLP HTTP Client] Session state: connection failed.Failed to connect to localhost port 4318 after 0 ms: Couldn't connect to server
[Error] File: /private/tmp/opentelemetry-cpp-20260208-7372-5m0hre/opentelemetry-cpp-1.25.0/exporters/otlp/src/otlp_http_exporter.cc:200 [OTLP TRACE HTTP Exporter] ERROR: Export 512 trace span(s) error: 1
[Error] File: /private/tmp/opentelemetry-cpp-20260208-7372-5m0hre/opentelemetry-cpp-1.25.0/exporters/otlp/src/otlp_http_client.cc:212 [OTLP HTTP Client] Session state: connection failed.Failed to connect to localhost port 4318 after 0 ms: Couldn't connect to server
[Error] File: /private/tmp/opentelemetry-cpp-20260208-7372-5m0hre/opentelemetry-cpp-1.25.0/exporters/otlp/src/otlp_http_exporter.cc:200 [OTLP TRACE HTTP Exporter] ERROR: Export 3 trace span(s) error: 1
[Error] File: /private/tmp/opentelemetry-cpp-20260208-7372-5m0hre/opentelemetry-cpp-1.25.0/exporters/otlp/src/otlp_http_client.cc:212 [OTLP HTTP Client] Session state: connection failed.Failed to connect to localhost port 4318 after 0 ms: Couldn't connect to server
[Error] File: /private/tmp/opentelemetry-cpp-20260208-7372-5m0hre/opentelemetry-cpp-1.25.0/exporters/otlp/src/otlp_http_exporter.cc:200 [OTLP TRACE HTTP Exporter] ERROR: Export 512 trace span(s) error: 1
[Error] File: /private/tmp/opentelemetry-cpp-20260208-7372-5m0hre/opentelemetry-cpp-1.25.0/exporters/otlp/src/otlp_http_client.cc:212 [OTLP HTTP Client] Session state: connection failed.Failed to connect to localhost port 4318 after 0 ms: Couldn't connect to server
[Error] File: /private/tmp/opentelemetry-cpp-20260208-7372-5m0hre/opentelemetry-cpp-1.25.0/exporters/otlp/src/otlp_http_exporter.cc:200 [OTLP TRACE HTTP Exporter] ERROR: Export 3 trace span(s) error: 1
[Error] File: /private/tmp/opentelemetry-cpp-20260208-7372-5m0hre/opentelemetry-cpp-1.25.0/exporters/otlp/src/otlp_http_client.cc:212 [OTLP HTTP Client] Session state: connection failed.Failed to connect to localhost port 4318 after 0 ms: Couldn't connect to server
[Error] File: /private/tmp/opentelemetry-cpp-20260208-7372-5m0hre/opentelemetry-cpp-1.25.0/exporters/otlp/src/otlp_http_exporter.cc:200 [OTLP TRACE HTTP Exporter] ERROR: Export 512 trace span(s) error: 1
[Error] File: /private/tmp/opentelemetry-cpp-20260208-7372-5m0hre/opentelemetry-cpp-1.25.0/exporters/otlp/src/otlp_http_client.cc:212 [OTLP HTTP Client] Session state: connection failed.Failed to connect to localhost port 4318 after 0 ms: Couldn't connect to server
[Error] File: /private/tmp/opentelemetry-cpp-20260208-7372-5m0hre/opentelemetry-cpp-1.25.0/exporters/otlp/src/otlp_http_exporter.cc:200 [OTLP TRACE HTTP Exporter] ERROR: Export 3 trace span(s) error: 1
[Faction] Relationship decay: (1,2) 0.184795 -> 0.184664
[Error] File: /private/tmp/opentelemetry-cpp-20260208-7372-5m0hre/opentelemetry-cpp-1.25.0/exporters/otlp/src/otlp_http_client.cc:212 [OTLP HTTP Client] Session state: connection failed.Failed to connect to localhost port 4318 after 0 ms: Couldn't connect to server
[Error] File: /private/tmp/opentelemetry-cpp-20260208-7372-5m0hre/opentelemetry-cpp-1.25.0/exporters/otlp/src/otlp_http_exporter.cc:200 [OTLP TRACE HTTP Exporter] ERROR: Export 512 trace span(s) error: 1
[Error] File: /private/tmp/opentelemetry-cpp-20260208-7372-5m0hre/opentelemetry-cpp-1.25.0/exporters/otlp/src/otlp_http_client.cc:212 [OTLP HTTP Client] Session state: connection failed.Failed to connect to localhost port 4318 after 0 ms: Couldn't connect to server
[Error] File: /private/tmp/opentelemetry-cpp-20260208-7372-5m0hre/opentelemetry-cpp-1.25.0/exporters/otlp/src/otlp_http_exporter.cc:200 [OTLP TRACE HTTP Exporter] ERROR: Export 3 trace span(s) error: 1
[NPC] Mission 7 started: 1 for Faction 6
[NPC] Mission 2 SUCCESS. Risk for 3 dropped to 0
[Error] File: /private/tmp/opentelemetry-cpp-20260208-7372-5m0hre/opentelemetry-cpp-1.25.0/exporters/otlp/src/otlp_http_client.cc:212 [OTLP HTTP Client] Session state: connection failed.Failed to connect to localhost port 4318 after 0 ms: Couldn't connect to server
[Error] File: /private/tmp/opentelemetry-cpp-20260208-7372-5m0hre/opentelemetry-cpp-1.25.0/exporters/otlp/src/otlp_http_exporter.cc:200 [OTLP TRACE HTTP Exporter] ERROR: Export 512 trace span(s) error: 1
[Error] File: /private/tmp/opentelemetry-cpp-20260208-7372-5m0hre/opentelemetry-cpp-1.25.0/exporters/otlp/src/otlp_http_client.cc:212 [OTLP HTTP Client] Session state: connection failed.Failed to connect to localhost port 4318 after 0 ms: Couldn't connect to server
[Error] File: /private/tmp/opentelemetry-cpp-20260208-7372-5m0hre/opentelemetry-cpp-1.25.0/exporters/otlp/src/otlp_http_exporter.cc:200 [OTLP TRACE HTTP Exporter] ERROR: Export 4 trace span(s) error: 1
[Error] File: /private/tmp/opentelemetry-cpp-20260208-7372-5m0hre/opentelemetry-cpp-1.25.0/exporters/otlp/src/otlp_http_client.cc:212 [OTLP HTTP Client] Session state: connection failed.Failed to connect to localhost port 4318 after 0 ms: Couldn't connect to server
[Error] File: /private/tmp/opentelemetry-cpp-20260208-7372-5m0hre/opentelemetry-cpp-1.25.0/exporters/otlp/src/otlp_http_exporter.cc:200 [OTLP TRACE HTTP Exporter] ERROR: Export 512 trace span(s) error: 1
[Error] File: /private/tmp/opentelemetry-cpp-20260208-7372-5m0hre/opentelemetry-cpp-1.25.0/exporters/otlp/src/otlp_http_client.cc:212 [OTLP HTTP Client] Session state: connection failed.Failed to connect to localhost port 4318 after 0 ms: Couldn't connect to server
[Error] File: /private/tmp/opentelemetry-cpp-20260208-7372-5m0hre/opentelemetry-cpp-1.25.0/exporters/otlp/src/otlp_http_exporter.cc:200 [OTLP TRACE HTTP Exporter] ERROR: Export 3 trace span(s) error: 1
[Error] File: /private/tmp/opentelemetry-cpp-20260208-7372-5m0hre/opentelemetry-cpp-1.25.0/exporters/otlp/src/otlp_http_client.cc:212 [OTLP HTTP Client] Session state: connection failed.Failed to connect to localhost port 4318 after 0 ms: Couldn't connect to server
[Error] File: /private/tmp/opentelemetry-cpp-20260208-7372-5m0hre/opentelemetry-cpp-1.25.0/exporters/otlp/src/otlp_http_exporter.cc:200 [OTLP TRACE HTTP Exporter] ERROR: Export 512 trace span(s) error: 1
[Error] File: /private/tmp/opentelemetry-cpp-20260208-7372-5m0hre/opentelemetry-cpp-1.25.0/exporters/otlp/src/otlp_http_client.cc:212 [OTLP HTTP Client] Session state: connection failed.Failed to connect to localhost port 4318 after 0 ms: Couldn't connect to server
[Error] File: /private/tmp/opentelemetry-cpp-20260208-7372-5m0hre/opentelemetry-cpp-1.25.0/exporters/otlp/src/otlp_http_exporter.cc:200 [OTLP TRACE HTTP Exporter] ERROR: Export 3 trace span(s) error: 1
[Error] File: /private/tmp/opentelemetry-cpp-20260208-7372-5m0hre/opentelemetry-cpp-1.25.0/exporters/otlp/src/otlp_http_client.cc:212 [OTLP HTTP Client] Session state: connection failed.Failed to connect to localhost port 4318 after 0 ms: Couldn't connect to server
[Error] File: /private/tmp/opentelemetry-cpp-20260208-7372-5m0hre/opentelemetry-cpp-1.25.0/exporters/otlp/src/otlp_http_exporter.cc:200 [OTLP TRACE HTTP Exporter] ERROR: Export 512 trace span(s) error: 1
[Error] File: /private/tmp/opentelemetry-cpp-20260208-7372-5m0hre/opentelemetry-cpp-1.25.0/exporters/otlp/src/otlp_http_client.cc:212 [OTLP HTTP Client] Session state: connection failed.Failed to connect to localhost port 4318 after 0 ms: Couldn't connect to server
[Error] File: /private/tmp/opentelemetry-cpp-20260208-7372-5m0hre/opentelemetry-cpp-1.25.0/exporters/otlp/src/otlp_http_exporter.cc:200 [OTLP TRACE HTTP Exporter] ERROR: Export 3 trace span(s) error: 1
[Faction] Relationship decay: (1,2) 0.138037 -> 0.137757
[Error] File: /private/tmp/opentelemetry-cpp-20260208-7372-5m0hre/opentelemetry-cpp-1.25.0/exporters/otlp/src/otlp_http_client.cc:212 [OTLP HTTP Client] Session state: connection failed.Failed to connect to localhost port 4318 after 0 ms: Couldn't connect to server
[Error] File: /private/tmp/opentelemetry-cpp-20260208-7372-5m0hre/opentelemetry-cpp-1.25.0/exporters/otlp/src/otlp_http_exporter.cc:200 [OTLP TRACE HTTP Exporter] ERROR: Export 295 trace span(s) error: 1
[Telemetry] Shut down.
